
  info:    2019-2-5 13:14:59     listening on port:  5000
  info:    2019-2-5 13:14:59     new client connected: 03FaKdG5n3wVqA81AAAA
  info:    2019-2-5 13:14:59     new client connected: 3t2Tu6jxPRTgYEqKAAAB
  info:    2019-2-5 13:14:59     new client connected: ICxYPDCATs6Y4IVwAAAC
  info:    2019-2-5 13:14:59     new client connected: uPL990MduVC2Z6PKAAAD
  info:    2019-2-5 13:14:59     new client connected: j2JTwql5Pvw8MHdfAAAE
  info:    2019-2-5 13:14:59     new client connected: 3IM_m9xBgAntm2FmAAAF
  info:    2019-2-5 13:14:59     new client connected: AzDLM5vnv4WbV3D1AAAG
  info:    2019-2-5 13:15:00     new client connected: q8LrIDMKw9HNW5IMAAAH
  info:    2019-2-5 13:15:00     connected to db
  info:    2019-2-5 13:15:00     new client connected: Pz9FCjkbKukCogXJAAAI
  info:    2019-2-5 13:15:01     new client connected: M7ex_ZsP9e5_mKj9AAAJ
  info:    2019-2-5 13:15:02     new client connected: oJm5HJGnB2itIwthAAAK
  info:    2019-2-5 13:15:03     new client connected: 3ABXAl3KmuPL6kOVAAAL
  info:    2019-2-5 13:15:03     new client connected: eJDSC5exAfsJJTmaAAAM
  info:    2019-2-5 13:15:04     new client connected: suoPA4Ug8FOEAm_mAAAN
  info:    2019-2-5 13:15:04     new client connected: 0-6Dz8WRhx1qFjVGAAAO
  info:    2019-2-5 13:15:04     new client connected: yn5OzdPP_ib3wW0iAAAP
  info:    2019-2-5 13:15:04     new client connected: Um5uy7zfqm6GIqGHAAAQ
  info:    2019-2-5 13:15:12     new client connected: VdX5YchVZ5Gdd4oSAAAR
  info:    2019-2-5 13:25:29     client disconnected:  VdX5YchVZ5Gdd4oSAAAR
  info:    2019-2-5 13:25:37     client disconnected:  03FaKdG5n3wVqA81AAAA
  info:    2019-2-5 13:25:37     client disconnected:  3t2Tu6jxPRTgYEqKAAAB
  info:    2019-2-5 13:25:37     client disconnected:  j2JTwql5Pvw8MHdfAAAE
  info:    2019-2-5 13:25:37     client disconnected:  uPL990MduVC2Z6PKAAAD
  info:    2019-2-5 13:25:37     client disconnected:  ICxYPDCATs6Y4IVwAAAC
  info:    2019-2-5 13:25:37     client disconnected:  Pz9FCjkbKukCogXJAAAI
  info:    2019-2-5 13:25:37     client disconnected:  q8LrIDMKw9HNW5IMAAAH
  info:    2019-2-5 13:25:37     client disconnected:  AzDLM5vnv4WbV3D1AAAG
  info:    2019-2-5 13:25:37     client disconnected:  3IM_m9xBgAntm2FmAAAF
  info:    2019-2-5 13:25:37     client disconnected:  3ABXAl3KmuPL6kOVAAAL
  info:    2019-2-5 13:25:37     client disconnected:  oJm5HJGnB2itIwthAAAK
  info:    2019-2-5 13:25:37     client disconnected:  M7ex_ZsP9e5_mKj9AAAJ
  info:    2019-2-5 13:25:37     client disconnected:  Um5uy7zfqm6GIqGHAAAQ
  info:    2019-2-5 13:25:37     client disconnected:  yn5OzdPP_ib3wW0iAAAP
  info:    2019-2-5 13:25:37     client disconnected:  0-6Dz8WRhx1qFjVGAAAO
  info:    2019-2-5 13:25:37     client disconnected:  suoPA4Ug8FOEAm_mAAAN
  info:    2019-2-5 13:25:37     client disconnected:  eJDSC5exAfsJJTmaAAAM
  info:    2019-2-5 13:25:37     new client connected: 5J-sNhMDhxqrJ1K1AAAS
  info:    2019-2-5 13:26:04     client disconnected:  5J-sNhMDhxqrJ1K1AAAS
  info:    2019-2-5 13:26:04     new client connected: AcUF59mYSHCxxPIsAAAT
  info:    2019-2-5 13:26:07     client disconnected:  AcUF59mYSHCxxPIsAAAT
  info:    2019-2-5 13:26:08     new client connected: JIfjiwXJWaPdQIN_AAAU
  info:    2019-2-5 13:26:12     client disconnected:  JIfjiwXJWaPdQIN_AAAU
  info:    2019-2-5 13:26:13     new client connected: ZJOVlGcwh_uuIXu0AAAV
  info:    2019-2-5 13:27:19     client disconnected:  ZJOVlGcwh_uuIXu0AAAV
  info:    2019-2-5 13:27:19     new client connected: TKnQUvXtbd-cVFS1AAAW

  info:    2019-2-5 15:28:01     listening on port:  5000

  info:    2019-2-5 15:28:07     listening on port:  5000
  info:    2019-2-5 15:28:09     connected to db
  info:    2019-2-5 15:28:41     new client connected: BtztOrTicKX_fNUCAAAA

  info:    2019-2-5 15:30:11     listening on port:  5000
  info:    2019-2-5 15:30:12     connected to db
  info:    2019-2-5 15:30:14     new client connected: -swUKzITvyRhsDPMAAAA

  info:    2019-2-5 15:31:07     listening on port:  5000

  info:    2019-2-5 15:31:10     listening on port:  5000
  info:    2019-2-5 15:31:10     new client connected: upvvtgjuA-vQQCgJAAAA
  info:    2019-2-5 15:31:11     connected to db

  info:    2019-2-5 15:32:07     listening on port:  5000
  info:    2019-2-5 15:32:08     connected to db
  info:    2019-2-5 15:32:09     new client connected: NfYPZNAETqg1mbWmAAAA

  info:    2019-2-5 15:34:02     listening on port:  5000
  info:    2019-2-5 15:34:03     connected to db

  info:    2019-2-5 15:36:10     listening on port:  5000
  info:    2019-2-5 15:36:10     new client connected: V5ngWwZRhj2WqD2EAAAA
  info:    2019-2-5 15:36:11     connected to db

  info:    2019-2-5 15:36:18     listening on port:  5000
  info:    2019-2-5 15:36:19     new client connected: YGpm-v4qhQK95f4NAAAA
  info:    2019-2-5 15:36:19     new client connected: 6-Pzyf7x_mb3_KQxAAAB
  info:    2019-2-5 15:36:19     connected to db
  info:    2019-2-5 15:36:28     client disconnected:  YGpm-v4qhQK95f4NAAAA
  info:    2019-2-5 15:36:28     client disconnected:  6-Pzyf7x_mb3_KQxAAAB
  info:    2019-2-5 15:36:29     new client connected: 4UDO-R8dECVDiqjVAAAC

  info:    2019-2-5 15:39:50     listening on port:  5000
  info:    2019-2-5 15:39:51     connected to db

  info:    2019-2-5 15:40:49     listening on port:  5000
  info:    2019-2-5 15:40:49     new client connected: UlwnJYWJlGF4TFhYAAAA
  info:    2019-2-5 15:40:50     connected to db

  info:    2019-2-5 15:47:41     listening on port:  5000
  info:    2019-2-5 15:47:41     new client connected: Q9OrbDNTITLzKqRBAAAA
  info:    2019-2-5 15:47:42     connected to db

  info:    2019-2-5 15:50:28     listening on port:  5000
  info:    2019-2-5 15:50:29     connected to db

  info:    2019-2-5 15:51:30     listening on port:  5000
  info:    2019-2-5 15:51:31     connected to db

  info:    2019-2-5 15:52:08     listening on port:  5000
  info:    2019-2-5 15:52:09     connected to db

  info:    2019-2-5 15:57:41     listening on port:  5000
  info:    2019-2-5 15:57:42     connected to db

  info:    2019-2-5 15:58:30     listening on port:  5000
  info:    2019-2-5 15:58:32     connected to db
  info:    2019-2-5 15:58:35     new client connected: hdnKgBJcSubpRUb2AAAA

  info:    2019-2-5 16:02:02     listening on port:  5000
  info:    2019-2-5 16:02:04     connected to db
  info:    2019-2-5 16:02:05     new client connected: 6PgqKti5kxKoXs0ZAAAA
  info:    2019-2-5 16:02:09     new login attempt by 6PgqKti5kxKoXs0ZAAAA data: [object Object]

  info:    2019-2-5 16:03:06     listening on port:  5000
  info:    2019-2-5 16:03:07     connected to db
  info:    2019-2-5 16:03:12     new client connected: HiQ44H-aoOMKKwY8AAAA
  info:    2019-2-5 16:03:15     new login attempt by HiQ44H-aoOMKKwY8AAAA data: [object Object]

  info:    2019-2-5 16:05:01     listening on port:  5000
  info:    2019-2-5 16:05:02     connected to db
  info:    2019-2-5 16:05:03     new client connected: jGln4js8P6-ybSELAAAA
  info:    2019-2-5 16:05:06     new login attempt by jGln4js8P6-ybSELAAAA data: [object Object]

  info:    2019-2-5 16:06:05     listening on port:  5000
  info:    2019-2-5 16:06:05     new client connected: HtjJfZnnxU0xju0FAAAA
  info:    2019-2-5 16:06:05     new client connected: jZ_QlhVcWeKW0ZVzAAAB
  info:    2019-2-5 16:06:06     connected to db

  info:    2019-2-5 16:06:37     listening on port:  5000
  info:    2019-2-5 16:06:37     new client connected: znUNuS0e1OBpFTL_AAAA
  info:    2019-2-5 16:06:37     new client connected: YJ7eCMGEE-tj6vcFAAAB
  info:    2019-2-5 16:06:37     new client connected: fiaSNR_3SHR_ZbdqAAAC
  info:    2019-2-5 16:06:37     new client connected: dN5XblxCgxVHiMkCAAAD
  info:    2019-2-5 16:06:38     connected to db

  info:    2019-2-5 16:06:52     listening on port:  5000
  info:    2019-2-5 16:06:53     connected to db
  info:    2019-2-5 16:06:53     new client connected: k-Q8UYzQRbAZjlCVAAAA
  info:    2019-2-5 16:06:56     new login attempt by k-Q8UYzQRbAZjlCVAAAA data: [object Object]

  info:    2019-2-5 16:08:59     listening on port:  5000
  info:    2019-2-5 16:08:59     new client connected: R2F7TjtVMrc_RcNtAAAA
  info:    2019-2-5 16:09:00     connected to db

  info:    2019-2-5 16:11:00     listening on port:  5000
  info:    2019-2-5 16:11:00     new client connected: v_qYc8Gjgw0Stw3oAAAA
  info:    2019-2-5 16:11:01     connected to db

  info:    2019-2-5 16:11:21     listening on port:  5000
  info:    2019-2-5 16:11:23     connected to db

  info:    2019-2-5 16:12:59     listening on port:  5000
  info:    2019-2-5 16:12:59     new client connected: 42iz5J_byM2CDFgPAAAA
  info:    2019-2-5 16:13:00     connected to db
  info:    2019-2-5 16:13:02     new login attempt by 42iz5J_byM2CDFgPAAAA data: [object Object]

  info:    2019-2-5 16:15:53     listening on port:  5000
  info:    2019-2-5 16:15:53     new client connected: QsL6yYr2lj4GB-G_AAAA
  info:    2019-2-5 16:15:53     new client connected: jvGgaY_6p6ng6ISyAAAB
  info:    2019-2-5 16:15:54     connected to db

  info:    2019-2-5 16:16:24     listening on port:  5000
  info:    2019-2-5 16:16:25     connected to db
  info:    2019-2-5 16:16:26     new client connected: FIYvOcWmTJLcWt67AAAA
  info:    2019-2-5 16:16:30     new login attempt by FIYvOcWmTJLcWt67AAAA data: [object Object]

  info:    2019-2-5 16:16:58     listening on port:  5000
  info:    2019-2-5 16:17:00     connected to db
  info:    2019-2-5 16:17:02     new client connected: l4UqeAlQLQopvSS5AAAA
  info:    2019-2-5 16:17:05     new login attempt by l4UqeAlQLQopvSS5AAAA data: [object Object]
  info:    2019-2-5 16:17:59     a register attempt from client:   l4UqeAlQLQopvSS5AAAA
  info:    2019-2-5 16:17:59     a register attempt { role: 'advisor',
  isOnline: false,
  _id: 5c5985ffcb6704219c7edc95,
  username: 'rahil',
  email: 'rahilars76@gmail.com',
  password: 'rahil19',
  name: 'rahil salimi' }

  info:    2019-2-5 16:20:50     listening on port:  5000
  info:    2019-2-5 16:20:51     connected to db
  info:    2019-2-5 16:20:55     new client connected: 4nMQDJ4RLOK6DFAsAAAA
  info:    2019-2-5 16:21:59     client disconnected:  4nMQDJ4RLOK6DFAsAAAA
  info:    2019-2-5 16:21:59     new client connected: UXvoy2DpsPCZzV7xAAAB
  info:    2019-2-5 16:22:39     new login attempt by UXvoy2DpsPCZzV7xAAAB data: [object Object]
  info:    2019-2-5 16:22:54     a register attempt from client:   UXvoy2DpsPCZzV7xAAAB
  info:    2019-2-5 16:22:54     a register attempt { role: 'advisor',
  isOnline: false,
  _id: 5c598726443d8224fc0e61ff,
  username: 'puyaar',
  email: 'puyaars@gmail.com',
  password: 'ali1376reza',
  name: '' }

  info:    2019-2-5 16:25:28     listening on port:  5000
  info:    2019-2-5 16:25:29     connected to db
  info:    2019-2-5 16:25:32     new client connected: Y7C-b443CXhdJo-AAAAA
  info:    2019-2-5 16:25:33     client disconnected:  Y7C-b443CXhdJo-AAAAA
  info:    2019-2-5 16:25:33     new client connected: hm9nB1tTLG1eeu54AAAB
  info:    2019-2-5 16:25:40     a register attempt from client:   hm9nB1tTLG1eeu54AAAB
  info:    2019-2-5 16:25:40     a register attempt { role: 'advisor',
  isOnline: false,
  _id: 5c5987cca6095a236c210036,
  username: 'puyaars',
  email: '',
  password: 'ali1376reza',
  name: '' }

  info:    2019-2-5 16:49:36     listening on port:  5000
  info:    2019-2-5 16:49:37     connected to db
  info:    2019-2-5 16:49:39     new client connected: 2P1JUmeA2IA3p9LmAAAA

  info:    2019-2-5 16:52:05     listening on port:  5000
  info:    2019-2-5 16:52:05     new client connected: pHRX3QMbEzsMkdm8AAAA
  info:    2019-2-5 16:52:05     new client connected: 7LaG-IbvTkJZZyDoAAAB
  info:    2019-2-5 16:52:06     connected to db

  info:    2019-2-7 08:04:14     listening on port:  5000
  info:    2019-2-7 08:04:15     connected to db
  info:    2019-2-7 08:04:58     new client connected: 3MVrI8VuXOWDrNhIAAAA
  info:    2019-2-7 08:05:28     client disconnected:  3MVrI8VuXOWDrNhIAAAA
  info:    2019-2-7 08:05:29     new client connected: s8uCqWE1GaO3zgP7AAAB
  info:    2019-2-7 08:05:30     new client connected: KXrxF2atlfdJ4XOmAAAC
  info:    2019-2-7 08:05:59     client disconnected:  s8uCqWE1GaO3zgP7AAAB
  info:    2019-2-7 08:05:59     new client connected: eoKYWL3R6zZxKPFFAAAD
  info:    2019-2-7 08:06:00     client disconnected:  KXrxF2atlfdJ4XOmAAAC
  info:    2019-2-7 08:06:00     new client connected: RO1luHV0Bt0xMOyPAAAE
  info:    2019-2-7 08:06:00     new client connected: FpyVbq7FrzVDknzoAAAF
  info:    2019-2-7 08:06:01     new client connected: XJBhm915ZNA_FKH0AAAG
  info:    2019-2-7 08:06:29     client disconnected:  eoKYWL3R6zZxKPFFAAAD
  info:    2019-2-7 08:06:29     new client connected: pbuIXm-9xghQr8gMAAAH
  info:    2019-2-7 08:06:29     new client connected: UwkSgKDM07AgBj-3AAAI
  info:    2019-2-7 08:06:30     client disconnected:  RO1luHV0Bt0xMOyPAAAE
  info:    2019-2-7 08:06:30     client disconnected:  FpyVbq7FrzVDknzoAAAF
  info:    2019-2-7 08:06:30     new client connected: QajQma8vJK6qvDSmAAAJ
  info:    2019-2-7 08:06:30     new login attempt by QajQma8vJK6qvDSmAAAJ data: [object Object]
  info:    2019-2-7 08:06:31     client disconnected:  XJBhm915ZNA_FKH0AAAG
  info:    2019-2-7 08:06:36     client disconnected:  QajQma8vJK6qvDSmAAAJ
  info:    2019-2-7 08:06:36     new client connected: KkTVS_Iq3cFXRhixAAAK
  info:    2019-2-7 08:06:36     new login attempt by KkTVS_Iq3cFXRhixAAAK data: [object Object]
  info:    2019-2-7 08:06:59     client disconnected:  pbuIXm-9xghQr8gMAAAH
  info:    2019-2-7 08:06:59     client disconnected:  UwkSgKDM07AgBj-3AAAI
  info:    2019-2-7 08:07:02     a register attempt from client:   KkTVS_Iq3cFXRhixAAAK
  info:    2019-2-7 08:07:02     a register attempt { role: 'advisor',
  isOnline: false,
  _id: 5c5bb5ee5b5c9119e88c092d,
  username: 'puyaars',
  email: 'rahilars76@gmail.com',
  password: 'rahil19',
  name: 'james bond' }
  info:    2019-2-7 08:07:02     user logged in:   KkTVS_Iq3cFXRhixAAAK    { role: 'advisor',
  isOnline: true,
  _id: 5c5bb5ee5b5c9119e88c092d,
  username: 'puyaars',
  email: 'rahilars76@gmail.com',
  password:
   '$2a$10$pKiWSSi5gK8KOF/HsaDTOeVd5NdrqClp2i5RTn2Ot4Ryfi3GD5SxK',
  name: 'james bond',
  __v: 0 }
  info:    2019-2-7 08:08:29     user disconnected:    { role: 'advisor',
  isOnline: false,
  _id: 5c5bb5ee5b5c9119e88c092d,
  username: 'puyaars',
  email: 'rahilars76@gmail.com',
  password:
   '$2a$10$pKiWSSi5gK8KOF/HsaDTOeVd5NdrqClp2i5RTn2Ot4Ryfi3GD5SxK',
  name: 'james bond',
  __v: 0 }
  info:    2019-2-7 08:08:29     client disconnected:  KkTVS_Iq3cFXRhixAAAK
  info:    2019-2-7 08:08:29     new client connected: jZAOfICWDIcKHE81AAAL
  info:    2019-2-7 08:08:30     new login attempt by jZAOfICWDIcKHE81AAAL data: [object Object]
  info:    2019-2-7 08:08:43     new login attempt by jZAOfICWDIcKHE81AAAL data: [object Object]
  info:    2019-2-7 08:09:06     new login attempt by jZAOfICWDIcKHE81AAAL data: [object Object]
  info:    2019-2-7 08:09:36     a register attempt from client:   jZAOfICWDIcKHE81AAAL
  info:    2019-2-7 08:09:36     a register attempt { role: 'advisor',
  isOnline: false,
  _id: 5c5bb6885b5c9119e88c092e,
  username: 'rahil',
  email: 'rahilars76@gmail.com',
  password: 'rahil19',
  name: 'samuel tarley' }
  info:    2019-2-7 08:09:36     user logged in:   jZAOfICWDIcKHE81AAAL    { role: 'advisor',
  isOnline: true,
  _id: 5c5bb6885b5c9119e88c092e,
  username: 'rahil',
  email: 'rahilars76@gmail.com',
  password:
   '$2a$10$gdqZJpDS4sdsE1y7bV25oOsc5lsWAnvlggoStYB3If3dfu7XIzk9G',
  name: 'samuel tarley',
  __v: 0 }
  info:    2019-2-7 08:10:08     user disconnected:    { role: 'advisor',
  isOnline: false,
  _id: 5c5bb6885b5c9119e88c092e,
  username: 'rahil',
  email: 'rahilars76@gmail.com',
  password:
   '$2a$10$gdqZJpDS4sdsE1y7bV25oOsc5lsWAnvlggoStYB3If3dfu7XIzk9G',
  name: 'samuel tarley',
  __v: 0 }
  info:    2019-2-7 08:10:08     client disconnected:  jZAOfICWDIcKHE81AAAL
  info:    2019-2-7 08:10:09     new client connected: 3Cb-ElFj3lFANgr3AAAM
  info:    2019-2-7 08:10:09     new login attempt by 3Cb-ElFj3lFANgr3AAAM data: [object Object]
  info:    2019-2-7 08:10:21     new login attempt by 3Cb-ElFj3lFANgr3AAAM data: [object Object]
  info:    2019-2-7 08:10:36     new login attempt by 3Cb-ElFj3lFANgr3AAAM data: [object Object]

  info:    2019-2-7 08:15:42     listening on port:  5000
  info:    2019-2-7 08:15:43     connected to db
  info:    2019-2-7 08:15:45     new client connected: CWcBxdnAtia_vRK_AAAA

  info:    2019-2-7 08:18:44     listening on port:  5000
  info:    2019-2-7 08:18:45     connected to db
  info:    2019-2-7 08:18:46     new client connected: lBabsVZA6cenW0FqAAAA
  info:    2019-2-7 08:19:06     client disconnected:  lBabsVZA6cenW0FqAAAA
  info:    2019-2-7 08:19:06     new client connected: mgDCY3IWUlB6OU-qAAAB
  info:    2019-2-7 08:19:06     new login attempt by mgDCY3IWUlB6OU-qAAAB data: [object Object]
  info:    2019-2-7 08:19:24     new login attempt by mgDCY3IWUlB6OU-qAAAB data: [object Object]
  info:    2019-2-7 08:19:24     user registered:   mgDCY3IWUlB6OU-qAAAB    { role: 'advisor',
  isOnline: true,
  _id: 5c5bb6885b5c9119e88c092e,
  username: 'rahil',
  email: 'rahilars76@gmail.com',
  password:
   '$2a$10$gdqZJpDS4sdsE1y7bV25oOsc5lsWAnvlggoStYB3If3dfu7XIzk9G',
  name: 'samuel tarley',
  __v: 0 }
  info:    2019-2-7 08:20:44     user disconnected:    { role: 'advisor',
  isOnline: false,
  _id: 5c5bb6885b5c9119e88c092e,
  username: 'rahil',
  email: 'rahilars76@gmail.com',
  password:
   '$2a$10$gdqZJpDS4sdsE1y7bV25oOsc5lsWAnvlggoStYB3If3dfu7XIzk9G',
  name: 'samuel tarley',
  __v: 0 }
  info:    2019-2-7 08:20:44     client disconnected:  mgDCY3IWUlB6OU-qAAAB
  info:    2019-2-7 08:20:45     new client connected: BYhDolAXivGS4lKtAAAC
  info:    2019-2-7 08:20:45     new login attempt by BYhDolAXivGS4lKtAAAC data: [object Object]
  info:    2019-2-7 08:20:45     user registered:   BYhDolAXivGS4lKtAAAC    { role: 'advisor',
  isOnline: true,
  _id: 5c5bb6885b5c9119e88c092e,
  username: 'rahil',
  email: 'rahilars76@gmail.com',
  password:
   '$2a$10$gdqZJpDS4sdsE1y7bV25oOsc5lsWAnvlggoStYB3If3dfu7XIzk9G',
  name: 'samuel tarley',
  __v: 0 }
  info:    2019-2-7 08:21:17     user disconnected:    { role: 'advisor',
  isOnline: false,
  _id: 5c5bb6885b5c9119e88c092e,
  username: 'rahil',
  email: 'rahilars76@gmail.com',
  password:
   '$2a$10$gdqZJpDS4sdsE1y7bV25oOsc5lsWAnvlggoStYB3If3dfu7XIzk9G',
  name: 'samuel tarley',
  __v: 0 }
  info:    2019-2-7 08:21:17     client disconnected:  BYhDolAXivGS4lKtAAAC
  info:    2019-2-7 08:21:17     new client connected: vLtpqoOO73HSjUAJAAAD
  info:    2019-2-7 08:21:17     new login attempt by vLtpqoOO73HSjUAJAAAD data: [object Object]
  info:    2019-2-7 08:21:17     user registered:   vLtpqoOO73HSjUAJAAAD    { role: 'advisor',
  isOnline: true,
  _id: 5c5bb6885b5c9119e88c092e,
  username: 'rahil',
  email: 'rahilars76@gmail.com',
  password:
   '$2a$10$gdqZJpDS4sdsE1y7bV25oOsc5lsWAnvlggoStYB3If3dfu7XIzk9G',
  name: 'samuel tarley',
  __v: 0 }

  info:    2019-2-8 08:46:03     listening on port:  5000
  info:    2019-2-8 08:46:05     connected to db
  info:    2019-2-8 08:46:38     new client connected: mVwR5OChkOG8iNZbAAAA
  info:    2019-2-8 08:46:38     new login attempt by mVwR5OChkOG8iNZbAAAA data: [object Object]
  info:    2019-2-8 08:46:38     user registered:   mVwR5OChkOG8iNZbAAAA    { role: 'advisor',
  isOnline: true,
  _id: 5c5bb6885b5c9119e88c092e,
  username: 'rahil',
  email: 'rahilars76@gmail.com',
  password:
   '$2a$10$gdqZJpDS4sdsE1y7bV25oOsc5lsWAnvlggoStYB3If3dfu7XIzk9G',
  name: 'samuel tarley',
  __v: 0 }
  info:    2019-2-8 08:48:28     user disconnected:    { role: 'advisor',
  isOnline: false,
  _id: 5c5bb6885b5c9119e88c092e,
  username: 'rahil',
  email: 'rahilars76@gmail.com',
  password:
   '$2a$10$gdqZJpDS4sdsE1y7bV25oOsc5lsWAnvlggoStYB3If3dfu7XIzk9G',
  name: 'samuel tarley',
  __v: 0 }
  info:    2019-2-8 08:48:28     client disconnected:  mVwR5OChkOG8iNZbAAAA
  info:    2019-2-8 08:48:28     new client connected: z1w2fB-d440QiJqUAAAB
  info:    2019-2-8 08:48:28     new login attempt by z1w2fB-d440QiJqUAAAB data: [object Object]
  info:    2019-2-8 08:48:28     user registered:   z1w2fB-d440QiJqUAAAB    { role: 'advisor',
  isOnline: true,
  _id: 5c5bb6885b5c9119e88c092e,
  username: 'rahil',
  email: 'rahilars76@gmail.com',
  password:
   '$2a$10$gdqZJpDS4sdsE1y7bV25oOsc5lsWAnvlggoStYB3If3dfu7XIzk9G',
  name: 'samuel tarley',
  __v: 0 }
  info:    2019-2-8 08:51:42     user disconnected:    { role: 'advisor',
  isOnline: false,
  _id: 5c5bb6885b5c9119e88c092e,
  username: 'rahil',
  email: 'rahilars76@gmail.com',
  password:
   '$2a$10$gdqZJpDS4sdsE1y7bV25oOsc5lsWAnvlggoStYB3If3dfu7XIzk9G',
  name: 'samuel tarley',
  __v: 0 }
  info:    2019-2-8 08:51:42     client disconnected:  z1w2fB-d440QiJqUAAAB
  info:    2019-2-8 08:51:43     new client connected: 9pMAPt-qLLtuwFyLAAAC
  info:    2019-2-8 08:51:43     new login attempt by 9pMAPt-qLLtuwFyLAAAC data: [object Object]
  info:    2019-2-8 08:51:43     user registered:   9pMAPt-qLLtuwFyLAAAC    { role: 'advisor',
  isOnline: true,
  _id: 5c5bb6885b5c9119e88c092e,
  username: 'rahil',
  email: 'rahilars76@gmail.com',
  password:
   '$2a$10$gdqZJpDS4sdsE1y7bV25oOsc5lsWAnvlggoStYB3If3dfu7XIzk9G',
  name: 'samuel tarley',
  __v: 0 }
  info:    2019-2-8 08:52:28     user disconnected:    { role: 'advisor',
  isOnline: false,
  _id: 5c5bb6885b5c9119e88c092e,
  username: 'rahil',
  email: 'rahilars76@gmail.com',
  password:
   '$2a$10$gdqZJpDS4sdsE1y7bV25oOsc5lsWAnvlggoStYB3If3dfu7XIzk9G',
  name: 'samuel tarley',
  __v: 0 }
  info:    2019-2-8 08:52:28     client disconnected:  9pMAPt-qLLtuwFyLAAAC
  info:    2019-2-8 08:52:28     new client connected: ky5EgKxDzxFO6h-KAAAD
  info:    2019-2-8 08:52:28     new login attempt by ky5EgKxDzxFO6h-KAAAD data: [object Object]
  info:    2019-2-8 08:52:28     user registered:   ky5EgKxDzxFO6h-KAAAD    { role: 'advisor',
  isOnline: true,
  _id: 5c5bb6885b5c9119e88c092e,
  username: 'rahil',
  email: 'rahilars76@gmail.com',
  password:
   '$2a$10$gdqZJpDS4sdsE1y7bV25oOsc5lsWAnvlggoStYB3If3dfu7XIzk9G',
  name: 'samuel tarley',
  __v: 0 }
  info:    2019-2-8 08:53:47     user disconnected:    { role: 'advisor',
  isOnline: false,
  _id: 5c5bb6885b5c9119e88c092e,
  username: 'rahil',
  email: 'rahilars76@gmail.com',
  password:
   '$2a$10$gdqZJpDS4sdsE1y7bV25oOsc5lsWAnvlggoStYB3If3dfu7XIzk9G',
  name: 'samuel tarley',
  __v: 0 }
  info:    2019-2-8 08:53:47     client disconnected:  ky5EgKxDzxFO6h-KAAAD
  info:    2019-2-8 08:53:47     new client connected: Op9rQj-QGRe-YGz6AAAE
  info:    2019-2-8 08:53:48     new login attempt by Op9rQj-QGRe-YGz6AAAE data: [object Object]
  info:    2019-2-8 08:53:48     user registered:   Op9rQj-QGRe-YGz6AAAE    { role: 'advisor',
  isOnline: true,
  _id: 5c5bb6885b5c9119e88c092e,
  username: 'rahil',
  email: 'rahilars76@gmail.com',
  password:
   '$2a$10$gdqZJpDS4sdsE1y7bV25oOsc5lsWAnvlggoStYB3If3dfu7XIzk9G',
  name: 'samuel tarley',
  __v: 0 }
  info:    2019-2-8 08:55:33     user disconnected:    { role: 'advisor',
  isOnline: false,
  _id: 5c5bb6885b5c9119e88c092e,
  username: 'rahil',
  email: 'rahilars76@gmail.com',
  password:
   '$2a$10$gdqZJpDS4sdsE1y7bV25oOsc5lsWAnvlggoStYB3If3dfu7XIzk9G',
  name: 'samuel tarley',
  __v: 0 }
  info:    2019-2-8 08:55:33     client disconnected:  Op9rQj-QGRe-YGz6AAAE
  info:    2019-2-8 08:55:33     new client connected: 9WRsPXQ-SGeTebbKAAAF
  info:    2019-2-8 08:55:34     new login attempt by 9WRsPXQ-SGeTebbKAAAF data: [object Object]
  info:    2019-2-8 08:55:34     user registered:   9WRsPXQ-SGeTebbKAAAF    { role: 'advisor',
  isOnline: true,
  _id: 5c5bb6885b5c9119e88c092e,
  username: 'rahil',
  email: 'rahilars76@gmail.com',
  password:
   '$2a$10$gdqZJpDS4sdsE1y7bV25oOsc5lsWAnvlggoStYB3If3dfu7XIzk9G',
  name: 'samuel tarley',
  __v: 0 }
  info:    2019-2-8 08:56:27     user disconnected:    { role: 'advisor',
  isOnline: false,
  _id: 5c5bb6885b5c9119e88c092e,
  username: 'rahil',
  email: 'rahilars76@gmail.com',
  password:
   '$2a$10$gdqZJpDS4sdsE1y7bV25oOsc5lsWAnvlggoStYB3If3dfu7XIzk9G',
  name: 'samuel tarley',
  __v: 0 }
  info:    2019-2-8 08:56:27     client disconnected:  9WRsPXQ-SGeTebbKAAAF
  info:    2019-2-8 08:56:27     new client connected: 3m7tHT5F1R-7bymWAAAG
  info:    2019-2-8 08:56:27     new login attempt by 3m7tHT5F1R-7bymWAAAG data: [object Object]
  info:    2019-2-8 08:56:28     user registered:   3m7tHT5F1R-7bymWAAAG    { role: 'advisor',
  isOnline: true,
  _id: 5c5bb6885b5c9119e88c092e,
  username: 'rahil',
  email: 'rahilars76@gmail.com',
  password:
   '$2a$10$gdqZJpDS4sdsE1y7bV25oOsc5lsWAnvlggoStYB3If3dfu7XIzk9G',
  name: 'samuel tarley',
  __v: 0 }
  info:    2019-2-8 08:57:27     user disconnected:    { role: 'advisor',
  isOnline: false,
  _id: 5c5bb6885b5c9119e88c092e,
  username: 'rahil',
  email: 'rahilars76@gmail.com',
  password:
   '$2a$10$gdqZJpDS4sdsE1y7bV25oOsc5lsWAnvlggoStYB3If3dfu7XIzk9G',
  name: 'samuel tarley',
  __v: 0 }
  info:    2019-2-8 08:57:27     client disconnected:  3m7tHT5F1R-7bymWAAAG
  info:    2019-2-8 08:57:28     new client connected: LeYP89tt0sw_QbbBAAAH
  info:    2019-2-8 08:57:28     new login attempt by LeYP89tt0sw_QbbBAAAH data: [object Object]
  info:    2019-2-8 08:57:28     user registered:   LeYP89tt0sw_QbbBAAAH    { role: 'advisor',
  isOnline: true,
  _id: 5c5bb6885b5c9119e88c092e,
  username: 'rahil',
  email: 'rahilars76@gmail.com',
  password:
   '$2a$10$gdqZJpDS4sdsE1y7bV25oOsc5lsWAnvlggoStYB3If3dfu7XIzk9G',
  name: 'samuel tarley',
  __v: 0 }
  info:    2019-2-8 08:58:05     user disconnected:    { role: 'advisor',
  isOnline: false,
  _id: 5c5bb6885b5c9119e88c092e,
  username: 'rahil',
  email: 'rahilars76@gmail.com',
  password:
   '$2a$10$gdqZJpDS4sdsE1y7bV25oOsc5lsWAnvlggoStYB3If3dfu7XIzk9G',
  name: 'samuel tarley',
  __v: 0 }
  info:    2019-2-8 08:58:05     client disconnected:  LeYP89tt0sw_QbbBAAAH
  info:    2019-2-8 08:58:05     new client connected: IHqFMJWtw_ce_qpLAAAI
  info:    2019-2-8 08:58:05     new login attempt by IHqFMJWtw_ce_qpLAAAI data: [object Object]
  info:    2019-2-8 08:58:05     user registered:   IHqFMJWtw_ce_qpLAAAI    { role: 'advisor',
  isOnline: true,
  _id: 5c5bb6885b5c9119e88c092e,
  username: 'rahil',
  email: 'rahilars76@gmail.com',
  password:
   '$2a$10$gdqZJpDS4sdsE1y7bV25oOsc5lsWAnvlggoStYB3If3dfu7XIzk9G',
  name: 'samuel tarley',
  __v: 0 }
  info:    2019-2-8 08:59:15     user disconnected:    { role: 'advisor',
  isOnline: false,
  _id: 5c5bb6885b5c9119e88c092e,
  username: 'rahil',
  email: 'rahilars76@gmail.com',
  password:
   '$2a$10$gdqZJpDS4sdsE1y7bV25oOsc5lsWAnvlggoStYB3If3dfu7XIzk9G',
  name: 'samuel tarley',
  __v: 0 }
  info:    2019-2-8 08:59:15     client disconnected:  IHqFMJWtw_ce_qpLAAAI
  info:    2019-2-8 08:59:16     new client connected: 8--P89gUDy5BNzhKAAAJ
  info:    2019-2-8 08:59:16     new login attempt by 8--P89gUDy5BNzhKAAAJ data: [object Object]
  info:    2019-2-8 08:59:16     user registered:   8--P89gUDy5BNzhKAAAJ    { role: 'advisor',
  isOnline: true,
  _id: 5c5bb6885b5c9119e88c092e,
  username: 'rahil',
  email: 'rahilars76@gmail.com',
  password:
   '$2a$10$gdqZJpDS4sdsE1y7bV25oOsc5lsWAnvlggoStYB3If3dfu7XIzk9G',
  name: 'samuel tarley',
  __v: 0 }
  info:    2019-2-8 09:00:18     user disconnected:    { role: 'advisor',
  isOnline: false,
  _id: 5c5bb6885b5c9119e88c092e,
  username: 'rahil',
  email: 'rahilars76@gmail.com',
  password:
   '$2a$10$gdqZJpDS4sdsE1y7bV25oOsc5lsWAnvlggoStYB3If3dfu7XIzk9G',
  name: 'samuel tarley',
  __v: 0 }
  info:    2019-2-8 09:00:18     client disconnected:  8--P89gUDy5BNzhKAAAJ
  info:    2019-2-8 09:00:19     new client connected: T9aOTQYHQ2QUsl_SAAAK
  info:    2019-2-8 09:00:19     new login attempt by T9aOTQYHQ2QUsl_SAAAK data: [object Object]
  info:    2019-2-8 09:00:19     user registered:   T9aOTQYHQ2QUsl_SAAAK    { role: 'advisor',
  isOnline: true,
  _id: 5c5bb6885b5c9119e88c092e,
  username: 'rahil',
  email: 'rahilars76@gmail.com',
  password:
   '$2a$10$gdqZJpDS4sdsE1y7bV25oOsc5lsWAnvlggoStYB3If3dfu7XIzk9G',
  name: 'samuel tarley',
  __v: 0 }
  info:    2019-2-8 09:00:51     user disconnected:    { role: 'advisor',
  isOnline: false,
  _id: 5c5bb6885b5c9119e88c092e,
  username: 'rahil',
  email: 'rahilars76@gmail.com',
  password:
   '$2a$10$gdqZJpDS4sdsE1y7bV25oOsc5lsWAnvlggoStYB3If3dfu7XIzk9G',
  name: 'samuel tarley',
  __v: 0 }
  info:    2019-2-8 09:00:51     client disconnected:  T9aOTQYHQ2QUsl_SAAAK
  info:    2019-2-8 09:00:52     new client connected: pS_L3TQX4evuaP0YAAAL
  info:    2019-2-8 09:00:52     new login attempt by pS_L3TQX4evuaP0YAAAL data: [object Object]
  info:    2019-2-8 09:00:52     user registered:   pS_L3TQX4evuaP0YAAAL    { role: 'advisor',
  isOnline: true,
  _id: 5c5bb6885b5c9119e88c092e,
  username: 'rahil',
  email: 'rahilars76@gmail.com',
  password:
   '$2a$10$gdqZJpDS4sdsE1y7bV25oOsc5lsWAnvlggoStYB3If3dfu7XIzk9G',
  name: 'samuel tarley',
  __v: 0 }
  info:    2019-2-8 09:01:17     user disconnected:    { role: 'advisor',
  isOnline: false,
  _id: 5c5bb6885b5c9119e88c092e,
  username: 'rahil',
  email: 'rahilars76@gmail.com',
  password:
   '$2a$10$gdqZJpDS4sdsE1y7bV25oOsc5lsWAnvlggoStYB3If3dfu7XIzk9G',
  name: 'samuel tarley',
  __v: 0 }
  info:    2019-2-8 09:01:17     client disconnected:  pS_L3TQX4evuaP0YAAAL
  info:    2019-2-8 09:01:18     new client connected: mxJtsVdtiV-3dRNYAAAM
  info:    2019-2-8 09:01:18     new login attempt by mxJtsVdtiV-3dRNYAAAM data: [object Object]
  info:    2019-2-8 09:01:19     user registered:   mxJtsVdtiV-3dRNYAAAM    { role: 'advisor',
  isOnline: true,
  _id: 5c5bb6885b5c9119e88c092e,
  username: 'rahil',
  email: 'rahilars76@gmail.com',
  password:
   '$2a$10$gdqZJpDS4sdsE1y7bV25oOsc5lsWAnvlggoStYB3If3dfu7XIzk9G',
  name: 'samuel tarley',
  __v: 0 }
  info:    2019-2-8 09:01:33     user disconnected:    { role: 'advisor',
  isOnline: false,
  _id: 5c5bb6885b5c9119e88c092e,
  username: 'rahil',
  email: 'rahilars76@gmail.com',
  password:
   '$2a$10$gdqZJpDS4sdsE1y7bV25oOsc5lsWAnvlggoStYB3If3dfu7XIzk9G',
  name: 'samuel tarley',
  __v: 0 }
  info:    2019-2-8 09:01:33     client disconnected:  mxJtsVdtiV-3dRNYAAAM
  info:    2019-2-8 09:01:34     new client connected: En8tYmGw27umt9kZAAAN
  info:    2019-2-8 09:01:34     new login attempt by En8tYmGw27umt9kZAAAN data: [object Object]
  info:    2019-2-8 09:01:34     user registered:   En8tYmGw27umt9kZAAAN    { role: 'advisor',
  isOnline: true,
  _id: 5c5bb6885b5c9119e88c092e,
  username: 'rahil',
  email: 'rahilars76@gmail.com',
  password:
   '$2a$10$gdqZJpDS4sdsE1y7bV25oOsc5lsWAnvlggoStYB3If3dfu7XIzk9G',
  name: 'samuel tarley',
  __v: 0 }
  info:    2019-2-8 09:03:02     user disconnected:    { role: 'advisor',
  isOnline: false,
  _id: 5c5bb6885b5c9119e88c092e,
  username: 'rahil',
  email: 'rahilars76@gmail.com',
  password:
   '$2a$10$gdqZJpDS4sdsE1y7bV25oOsc5lsWAnvlggoStYB3If3dfu7XIzk9G',
  name: 'samuel tarley',
  __v: 0 }
  info:    2019-2-8 09:03:02     client disconnected:  En8tYmGw27umt9kZAAAN
  info:    2019-2-8 09:03:03     new client connected: jbfkSEHtZndKB7G4AAAO
  info:    2019-2-8 09:03:03     new login attempt by jbfkSEHtZndKB7G4AAAO data: [object Object]
  info:    2019-2-8 09:03:03     user registered:   jbfkSEHtZndKB7G4AAAO    { role: 'advisor',
  isOnline: true,
  _id: 5c5bb6885b5c9119e88c092e,
  username: 'rahil',
  email: 'rahilars76@gmail.com',
  password:
   '$2a$10$gdqZJpDS4sdsE1y7bV25oOsc5lsWAnvlggoStYB3If3dfu7XIzk9G',
  name: 'samuel tarley',
  __v: 0 }
  info:    2019-2-8 09:03:18     new login attempt by jbfkSEHtZndKB7G4AAAO data: [object Object]
  info:    2019-2-8 09:03:18     user registered:   jbfkSEHtZndKB7G4AAAO    { role: 'advisor',
  isOnline: true,
  _id: 5c5bb6885b5c9119e88c092e,
  username: 'rahil',
  email: 'rahilars76@gmail.com',
  password:
   '$2a$10$gdqZJpDS4sdsE1y7bV25oOsc5lsWAnvlggoStYB3If3dfu7XIzk9G',
  name: 'samuel tarley',
  __v: 0 }
  info:    2019-2-8 09:03:50     client disconnected:  jbfkSEHtZndKB7G4AAAO
  info:    2019-2-8 09:03:50     new client connected: 2eZghSGlncF9JVJvAAAP
  info:    2019-2-8 09:03:50     new login attempt by 2eZghSGlncF9JVJvAAAP data: [object Object]
  info:    2019-2-8 09:03:51     user registered:   2eZghSGlncF9JVJvAAAP    { role: 'advisor',
  isOnline: true,
  _id: 5c5bb6885b5c9119e88c092e,
  username: 'rahil',
  email: 'rahilars76@gmail.com',
  password:
   '$2a$10$gdqZJpDS4sdsE1y7bV25oOsc5lsWAnvlggoStYB3If3dfu7XIzk9G',
  name: 'samuel tarley',
  __v: 0 }
  info:    2019-2-8 09:08:44     user disconnected:    { role: 'advisor',
  isOnline: false,
  _id: 5c5bb6885b5c9119e88c092e,
  username: 'rahil',
  email: 'rahilars76@gmail.com',
  password:
   '$2a$10$gdqZJpDS4sdsE1y7bV25oOsc5lsWAnvlggoStYB3If3dfu7XIzk9G',
  name: 'samuel tarley',
  __v: 0 }
  info:    2019-2-8 09:08:44     client disconnected:  2eZghSGlncF9JVJvAAAP

  info:    2019-2-9 10:47:13     listening on port:  5000
  info:    2019-2-9 10:47:14     connected to db
  info:    2019-2-9 10:47:18     new client connected: gpjTTmWVuhoMOf_vAAAA
  info:    2019-2-9 10:47:18     new login attempt by gpjTTmWVuhoMOf_vAAAA data: [object Object]
  info:    2019-2-9 10:47:19     user registered:   gpjTTmWVuhoMOf_vAAAA    { role: 'advisor',
  isOnline: true,
  _id: 5c5bb6885b5c9119e88c092e,
  username: 'rahil',
  email: 'rahilars76@gmail.com',
  password:
   '$2a$10$gdqZJpDS4sdsE1y7bV25oOsc5lsWAnvlggoStYB3If3dfu7XIzk9G',
  name: 'samuel tarley',
  __v: 0 }
  info:    2019-2-9 10:48:02     user disconnected:    { role: 'advisor',
  isOnline: false,
  _id: 5c5bb6885b5c9119e88c092e,
  username: 'rahil',
  email: 'rahilars76@gmail.com',
  password:
   '$2a$10$gdqZJpDS4sdsE1y7bV25oOsc5lsWAnvlggoStYB3If3dfu7XIzk9G',
  name: 'samuel tarley',
  __v: 0 }
  info:    2019-2-9 10:48:02     client disconnected:  gpjTTmWVuhoMOf_vAAAA
  info:    2019-2-9 10:48:03     new client connected: LbTbSKnnIhDWSzWJAAAB
  info:    2019-2-9 10:48:04     new login attempt by LbTbSKnnIhDWSzWJAAAB data: [object Object]
  info:    2019-2-9 10:48:04     user registered:   LbTbSKnnIhDWSzWJAAAB    { role: 'advisor',
  isOnline: true,
  _id: 5c5bb6885b5c9119e88c092e,
  username: 'rahil',
  email: 'rahilars76@gmail.com',
  password:
   '$2a$10$gdqZJpDS4sdsE1y7bV25oOsc5lsWAnvlggoStYB3If3dfu7XIzk9G',
  name: 'samuel tarley',
  __v: 0 }
  info:    2019-2-9 10:50:34     user disconnected:    { role: 'advisor',
  isOnline: false,
  _id: 5c5bb6885b5c9119e88c092e,
  username: 'rahil',
  email: 'rahilars76@gmail.com',
  password:
   '$2a$10$gdqZJpDS4sdsE1y7bV25oOsc5lsWAnvlggoStYB3If3dfu7XIzk9G',
  name: 'samuel tarley',
  __v: 0 }
  info:    2019-2-9 10:50:34     client disconnected:  LbTbSKnnIhDWSzWJAAAB
  info:    2019-2-9 10:50:35     new client connected: _Q9Vg9M4Mn-i50ieAAAC
  info:    2019-2-9 10:50:35     new login attempt by _Q9Vg9M4Mn-i50ieAAAC data: [object Object]
  info:    2019-2-9 10:50:35     user registered:   _Q9Vg9M4Mn-i50ieAAAC    { role: 'advisor',
  isOnline: true,
  _id: 5c5bb6885b5c9119e88c092e,
  username: 'rahil',
  email: 'rahilars76@gmail.com',
  password:
   '$2a$10$gdqZJpDS4sdsE1y7bV25oOsc5lsWAnvlggoStYB3If3dfu7XIzk9G',
  name: 'samuel tarley',
  __v: 0 }
  info:    2019-2-9 10:51:32     user disconnected:    { role: 'advisor',
  isOnline: false,
  _id: 5c5bb6885b5c9119e88c092e,
  username: 'rahil',
  email: 'rahilars76@gmail.com',
  password:
   '$2a$10$gdqZJpDS4sdsE1y7bV25oOsc5lsWAnvlggoStYB3If3dfu7XIzk9G',
  name: 'samuel tarley',
  __v: 0 }
  info:    2019-2-9 10:51:32     client disconnected:  _Q9Vg9M4Mn-i50ieAAAC
  info:    2019-2-9 10:51:33     new client connected: zydjqH6lkVzytB6rAAAD
  info:    2019-2-9 10:51:33     new login attempt by zydjqH6lkVzytB6rAAAD data: [object Object]
  info:    2019-2-9 10:51:33     user registered:   zydjqH6lkVzytB6rAAAD    { role: 'advisor',
  isOnline: true,
  _id: 5c5bb6885b5c9119e88c092e,
  username: 'rahil',
  email: 'rahilars76@gmail.com',
  password:
   '$2a$10$gdqZJpDS4sdsE1y7bV25oOsc5lsWAnvlggoStYB3If3dfu7XIzk9G',
  name: 'samuel tarley',
  __v: 0 }

  info:    2019-2-9 10:52:12     listening on port:  5000
  info:    2019-2-9 10:52:13     new client connected: _wdYbsTPOsI2GPZ3AAAA
  info:    2019-2-9 10:52:13     connected to db
  info:    2019-2-9 10:53:46     client disconnected:  _wdYbsTPOsI2GPZ3AAAA
  info:    2019-2-9 10:53:47     new client connected: OVaDrUtsZliSTAZ2AAAB
  info:    2019-2-9 10:53:47     new login attempt by OVaDrUtsZliSTAZ2AAAB data: [object Object]
  info:    2019-2-9 10:53:47     user registered:   OVaDrUtsZliSTAZ2AAAB    { role: 'advisor',
  isOnline: true,
  _id: 5c5bb6885b5c9119e88c092e,
  username: 'rahil',
  email: 'rahilars76@gmail.com',
  password:
   '$2a$10$gdqZJpDS4sdsE1y7bV25oOsc5lsWAnvlggoStYB3If3dfu7XIzk9G',
  name: 'samuel tarley',
  __v: 0 }

  info:    2019-2-9 10:55:33     listening on port:  5000
  info:    2019-2-9 10:55:34     connected to db
  info:    2019-2-9 10:55:34     new client connected: HYUCPU8OCW8mOqZqAAAA

  info:    2019-2-9 10:56:47     listening on port:  5000
  info:    2019-2-9 10:56:48     connected to db
  info:    2019-2-9 10:56:48     new client connected: 0zhRbxPQ6uw_zXdgAAAA
  info:    2019-2-9 10:59:05     client disconnected:  0zhRbxPQ6uw_zXdgAAAA
  info:    2019-2-9 10:59:06     new client connected: WjuRbbJp4W5oQIJYAAAB
  info:    2019-2-9 10:59:06     new login attempt by WjuRbbJp4W5oQIJYAAAB data: [object Object]
  info:    2019-2-9 10:59:07     user registered:   WjuRbbJp4W5oQIJYAAAB    { role: 'advisor',
  isOnline: true,
  _id: 5c5bb6885b5c9119e88c092e,
  username: 'rahil',
  email: 'rahilars76@gmail.com',
  password:
   '$2a$10$gdqZJpDS4sdsE1y7bV25oOsc5lsWAnvlggoStYB3If3dfu7XIzk9G',
  name: 'samuel tarley',
  __v: 0 }

  info:    2019-2-9 11:02:24     listening on port:  5000
  info:    2019-2-9 11:02:24     new client connected: Ti1g5KpZPaGdRyTzAAAA
  info:    2019-2-9 11:02:25     connected to db
  info:    2019-2-9 11:02:35     new file uploaded to server:      city_lights_by_snatti89_dc06w9b.png
  info:    2019-2-9 11:02:35     new file renamed to:      8e5d65c2-e420-4d17-842b-4e6746fb7146.png
  info:    2019-2-9 11:04:48     client disconnected:  Ti1g5KpZPaGdRyTzAAAA
  info:    2019-2-9 11:04:48     new client connected: DFuf5CZUWcie-0vkAAAB
  info:    2019-2-9 11:04:49     new login attempt by DFuf5CZUWcie-0vkAAAB data: [object Object]
  info:    2019-2-9 11:04:49     user registered:   DFuf5CZUWcie-0vkAAAB    { role: 'advisor',
  isOnline: true,
  _id: 5c5bb6885b5c9119e88c092e,
  username: 'rahil',
  email: 'rahilars76@gmail.com',
  password:
   '$2a$10$gdqZJpDS4sdsE1y7bV25oOsc5lsWAnvlggoStYB3If3dfu7XIzk9G',
  name: 'samuel tarley',
  __v: 0 }

  info:    2019-2-9 11:04:59     listening on port:  5000
  info:    2019-2-9 11:05:00     connected to db
  info:    2019-2-9 11:05:00     new client connected: BOriGfWsNUezhOvsAAAA
  info:    2019-2-9 11:05:13     new file uploaded to server:      birds-black-and-white-colors-1806794.jpg
  info:    2019-2-9 11:05:13     new file renamed to:      c99e504b-2f10-4960-910b-d41142b0301a.jpg
  info:    2019-2-9 11:05:40     client disconnected:  BOriGfWsNUezhOvsAAAA
  info:    2019-2-9 11:05:41     new client connected: BjWY8SYXA_Aqtr9wAAAB
  info:    2019-2-9 11:05:41     new login attempt by BjWY8SYXA_Aqtr9wAAAB data: [object Object]
  info:    2019-2-9 11:05:41     user registered:   BjWY8SYXA_Aqtr9wAAAB    { role: 'advisor',
  isOnline: true,
  _id: 5c5bb6885b5c9119e88c092e,
  username: 'rahil',
  email: 'rahilars76@gmail.com',
  password:
   '$2a$10$gdqZJpDS4sdsE1y7bV25oOsc5lsWAnvlggoStYB3If3dfu7XIzk9G',
  name: 'samuel tarley',
  __v: 0 }
  info:    2019-2-9 11:07:28     new file uploaded to server:      city_lights_by_snatti89_dc06w9b.png
  info:    2019-2-9 11:07:28     new file renamed to:      d5e7efb6-13e0-436c-ab00-16ae7ea42fe0.png
  info:    2019-2-9 11:07:46     user disconnected:    { role: 'advisor',
  isOnline: false,
  _id: 5c5bb6885b5c9119e88c092e,
  username: 'rahil',
  email: 'rahilars76@gmail.com',
  password:
   '$2a$10$gdqZJpDS4sdsE1y7bV25oOsc5lsWAnvlggoStYB3If3dfu7XIzk9G',
  name: 'samuel tarley',
  __v: 0 }
  info:    2019-2-9 11:07:46     client disconnected:  BjWY8SYXA_Aqtr9wAAAB
  info:    2019-2-9 11:07:46     new client connected: -4tWq5YVghBvtuU2AAAC
  info:    2019-2-9 11:07:47     new login attempt by -4tWq5YVghBvtuU2AAAC data: [object Object]
  info:    2019-2-9 11:07:47     user registered:   -4tWq5YVghBvtuU2AAAC    { role: 'advisor',
  isOnline: true,
  _id: 5c5bb6885b5c9119e88c092e,
  username: 'rahil',
  email: 'rahilars76@gmail.com',
  password:
   '$2a$10$gdqZJpDS4sdsE1y7bV25oOsc5lsWAnvlggoStYB3If3dfu7XIzk9G',
  name: 'samuel tarley',
  __v: 0 }
  info:    2019-2-9 11:08:25     user disconnected:    { role: 'advisor',
  isOnline: false,
  _id: 5c5bb6885b5c9119e88c092e,
  username: 'rahil',
  email: 'rahilars76@gmail.com',
  password:
   '$2a$10$gdqZJpDS4sdsE1y7bV25oOsc5lsWAnvlggoStYB3If3dfu7XIzk9G',
  name: 'samuel tarley',
  __v: 0 }
  info:    2019-2-9 11:08:25     client disconnected:  -4tWq5YVghBvtuU2AAAC
  info:    2019-2-9 11:08:26     new client connected: nv0HCkWPmpHOGYs7AAAD
  info:    2019-2-9 11:08:26     new login attempt by nv0HCkWPmpHOGYs7AAAD data: [object Object]
  info:    2019-2-9 11:08:26     user registered:   nv0HCkWPmpHOGYs7AAAD    { role: 'advisor',
  isOnline: true,
  _id: 5c5bb6885b5c9119e88c092e,
  username: 'rahil',
  email: 'rahilars76@gmail.com',
  password:
   '$2a$10$gdqZJpDS4sdsE1y7bV25oOsc5lsWAnvlggoStYB3If3dfu7XIzk9G',
  name: 'samuel tarley',
  __v: 0 }

  info:    2019-2-9 11:08:31     listening on port:  5000
  info:    2019-2-9 11:08:32     new client connected: Vi286RBLTF8uuD6QAAAA
  info:    2019-2-9 11:08:32     connected to db
  info:    2019-2-9 11:08:58     client disconnected:  Vi286RBLTF8uuD6QAAAA
  info:    2019-2-9 11:08:59     new client connected: kgDoV9bITo9QzVKYAAAB
  info:    2019-2-9 11:08:59     new login attempt by kgDoV9bITo9QzVKYAAAB data: [object Object]
  info:    2019-2-9 11:08:59     user registered:   kgDoV9bITo9QzVKYAAAB    { role: 'advisor',
  isOnline: true,
  _id: 5c5bb6885b5c9119e88c092e,
  username: 'rahil',
  email: 'rahilars76@gmail.com',
  password:
   '$2a$10$gdqZJpDS4sdsE1y7bV25oOsc5lsWAnvlggoStYB3If3dfu7XIzk9G',
  name: 'samuel tarley',
  __v: 0 }
  info:    2019-2-9 11:11:38     user disconnected:    { role: 'advisor',
  isOnline: false,
  _id: 5c5bb6885b5c9119e88c092e,
  username: 'rahil',
  email: 'rahilars76@gmail.com',
  password:
   '$2a$10$gdqZJpDS4sdsE1y7bV25oOsc5lsWAnvlggoStYB3If3dfu7XIzk9G',
  name: 'samuel tarley',
  __v: 0 }
  info:    2019-2-9 11:11:38     client disconnected:  kgDoV9bITo9QzVKYAAAB

  info:    2019-2-12 12:20:55     listening on port:  5000
  warn:    2019-2-12 12:20:56     Authentication failed.

  info:    2019-2-12 12:24:03     listening on port:  5000
  warn:    2019-2-12 12:24:04     Authentication failed.

  info:    2019-2-12 12:30:08     listening on port:  447
  warn:    2019-2-12 12:30:09     Authentication failed.
